<?xml version="1.0" encoding="UTF-8"?>
<testng-results skipped="0" failed="1" total="1" passed="0">
  <reporter-output>
  </reporter-output>
  <suite name="Default suite" duration-ms="35806" started-at="2021-02-21T08:36:20Z" finished-at="2021-02-21T08:36:56Z">
    <groups>
      <group name="cucumber">
        <method signature="AbstractTestNGCucumberTests.feature(cucumber.api.testng.CucumberFeatureWrapper)[pri:0, instance:com.rediffmail.runner.Runner@fdefd3f]" name="feature" class="cucumber.api.testng.AbstractTestNGCucumberTests"/>
      </group> <!-- cucumber -->
    </groups>
    <test name="Default test" duration-ms="35806" started-at="2021-02-21T08:36:20Z" finished-at="2021-02-21T08:36:56Z">
      <class name="com.rediffmail.runner.Runner">
        <test-method status="PASS" signature="setUpClass()[pri:0, instance:com.rediffmail.runner.Runner@fdefd3f]" name="setUpClass" is-config="true" duration-ms="282" started-at="2021-02-21T14:06:20Z" finished-at="2021-02-21T14:06:21Z">
          <reporter-output>
          </reporter-output>
        </test-method> <!-- setUpClass -->
        <test-method status="FAIL" signature="feature(cucumber.api.testng.CucumberFeatureWrapper)[pri:0, instance:com.rediffmail.runner.Runner@fdefd3f]" name="feature" duration-ms="35423" started-at="2021-02-21T14:06:21Z" description="Runs Cucumber Feature" data-provider="features" finished-at="2021-02-21T14:06:56Z">
          <params>
            <param index="0">
              <value>
                <![CDATA[Compose a mail]]>
              </value>
            </param>
          </params>
          <exception class="cucumber.runtime.CucumberException">
            <message>
              <![CDATA[junit.framework.AssertionFailedError]]>
            </message>
            <full-stacktrace>
              <![CDATA[cucumber.runtime.CucumberException: junit.framework.AssertionFailedError
	at cucumber.api.testng.TestNGCucumberRunner.runCucumber(TestNGCucumberRunner.java:69)
	at cucumber.api.testng.AbstractTestNGCucumberTests.feature(AbstractTestNGCucumberTests.java:21)
	at sun.reflect.NativeMethodAccessorImpl.invoke0(Native Method)
	at sun.reflect.NativeMethodAccessorImpl.invoke(NativeMethodAccessorImpl.java:62)
	at sun.reflect.DelegatingMethodAccessorImpl.invoke(DelegatingMethodAccessorImpl.java:43)
	at java.lang.reflect.Method.invoke(Method.java:498)
	at org.testng.internal.MethodInvocationHelper.invokeMethod(MethodInvocationHelper.java:85)
	at org.testng.internal.Invoker.invokeMethod(Invoker.java:659)
	at org.testng.internal.Invoker.invokeTestMethod(Invoker.java:845)
	at org.testng.internal.Invoker.invokeTestMethods(Invoker.java:1153)
	at org.testng.internal.TestMethodWorker.invokeTestMethods(TestMethodWorker.java:125)
	at org.testng.internal.TestMethodWorker.run(TestMethodWorker.java:108)
	at org.testng.TestRunner.privateRun(TestRunner.java:771)
	at org.testng.TestRunner.run(TestRunner.java:621)
	at org.testng.SuiteRunner.runTest(SuiteRunner.java:357)
	at org.testng.SuiteRunner.runSequentially(SuiteRunner.java:352)
	at org.testng.SuiteRunner.privateRun(SuiteRunner.java:310)
	at org.testng.SuiteRunner.run(SuiteRunner.java:259)
	at org.testng.SuiteRunnerWorker.runSuite(SuiteRunnerWorker.java:52)
	at org.testng.SuiteRunnerWorker.run(SuiteRunnerWorker.java:86)
	at org.testng.TestNG.runSuitesSequentially(TestNG.java:1199)
	at org.testng.TestNG.runSuitesLocally(TestNG.java:1124)
	at org.testng.TestNG.run(TestNG.java:1032)
	at org.testng.remote.AbstractRemoteTestNG.run(AbstractRemoteTestNG.java:115)
	at org.testng.remote.RemoteTestNG.initAndRun(RemoteTestNG.java:251)
	at org.testng.remote.RemoteTestNG.main(RemoteTestNG.java:77)
Caused by: junit.framework.AssertionFailedError
	at junit.framework.Assert.fail(Assert.java:55)
	at junit.framework.Assert.fail(Assert.java:64)
	at com.rediffmail.utilities.CommonLibreary.getEleText(CommonLibreary.java:67)
	at com.rediffmail.utilities.CommonLibreary.verifyContainsText(CommonLibreary.java:126)
	at com.rediffmail.pages.ComposePage.verifySuccessMsg(ComposePage.java:156)
	at com.rediffmail.stepdefinitions.ComposeMailStepDefinition.user_verify_the_sent_mail_message(ComposeMailStepDefinition.java:86)
	at ?.And User verify "mail has been sent" message(Compose.feature:13)
]]>
            </full-stacktrace>
          </exception> <!-- cucumber.runtime.CucumberException -->
          <reporter-output>
          </reporter-output>
        </test-method> <!-- feature -->
        <test-method status="PASS" signature="tearDownClass()[pri:0, instance:com.rediffmail.runner.Runner@fdefd3f]" name="tearDownClass" is-config="true" duration-ms="20" started-at="2021-02-21T14:06:56Z" finished-at="2021-02-21T14:06:56Z">
          <reporter-output>
          </reporter-output>
        </test-method> <!-- tearDownClass -->
      </class> <!-- com.rediffmail.runner.Runner -->
    </test> <!-- Default test -->
  </suite> <!-- Default suite -->
</testng-results>
